2024-09-01 18:54:47,703 - INFO - Starting virtual environment setup at 2024-09-01 18:54:47.703739
2024-09-01 18:54:47,716 - INFO - Detected OS: darwin
2024-09-01 18:54:47,716 - INFO - Creating virtual environment...
2024-09-01 18:54:50,829 - INFO - Command output: 
2024-09-01 18:54:50,829 - INFO - Updating pip, setuptools, and wheel...
2024-09-01 18:54:57,404 - INFO - Command output: Collecting pip
  Using cached https://files.pythonhosted.org/packages/8a/6a/19e9fe04fca059ccf770861c7d5721ab4c2aebc539889e97c7977528a53b/pip-24.0-py3-none-any.whl
Collecting setuptools
  Using cached https://files.pythonhosted.org/packages/c7/42/be1c7bbdd83e1bfb160c94b9cafd8e25efc7400346cf7ccdbdb452c467fa/setuptools-68.0.0-py3-none-any.whl
Collecting wheel
  Using cached https://files.pythonhosted.org/packages/c7/c3/55076fc728723ef927521abaa1955213d094933dc36d4a2008d5101e1af5/wheel-0.42.0-py3-none-any.whl
Installing collected packages: pip, setuptools, wheel
  Found existing installation: pip 10.0.1
    Uninstalling pip-10.0.1:
      Successfully uninstalled pip-10.0.1
  Found existing installation: setuptools 39.0.1
    Uninstalling setuptools-39.0.1:
      Successfully uninstalled setuptools-39.0.1
Successfully installed pip-24.0 setuptools-68.0.0 wheel-0.42.0

2024-09-01 18:54:57,404 - INFO - Installing packages...
2024-09-01 18:55:02,024 - INFO - Command output: Collecting numpy
  Using cached numpy-1.21.6-cp37-cp37m-macosx_10_9_x86_64.whl.metadata (2.1 kB)
Using cached numpy-1.21.6-cp37-cp37m-macosx_10_9_x86_64.whl (16.9 MB)
Installing collected packages: numpy
Successfully installed numpy-1.21.6

2024-09-01 18:55:08,411 - INFO - Command output: Collecting pandas
  Using cached pandas-1.1.5-cp37-cp37m-macosx_10_9_x86_64.whl.metadata (4.7 kB)
Collecting python-dateutil>=2.7.3 (from pandas)
  Using cached python_dateutil-2.9.0.post0-py2.py3-none-any.whl.metadata (8.4 kB)
Collecting pytz>=2017.2 (from pandas)
  Using cached pytz-2024.1-py2.py3-none-any.whl.metadata (22 kB)
Requirement already satisfied: numpy>=1.15.4 in ./myenv/lib/python3.7/site-packages (from pandas) (1.21.6)
Collecting six>=1.5 (from python-dateutil>=2.7.3->pandas)
  Using cached six-1.16.0-py2.py3-none-any.whl.metadata (1.8 kB)
Using cached pandas-1.1.5-cp37-cp37m-macosx_10_9_x86_64.whl (10.0 MB)
Using cached python_dateutil-2.9.0.post0-py2.py3-none-any.whl (229 kB)
Using cached pytz-2024.1-py2.py3-none-any.whl (505 kB)
Using cached six-1.16.0-py2.py3-none-any.whl (11 kB)
Installing collected packages: pytz, six, python-dateutil, pandas
Successfully installed pandas-1.1.5 python-dateutil-2.9.0.post0 pytz-2024.1 six-1.16.0

2024-09-01 18:55:09,628 - INFO - Command output: Collecting urllib3<2.0
  Using cached urllib3-1.26.20-py2.py3-none-any.whl.metadata (50 kB)
Using cached urllib3-1.26.20-py2.py3-none-any.whl (144 kB)
Installing collected packages: urllib3
Successfully installed urllib3-1.26.20

2024-09-01 18:55:11,238 - INFO - Command output: Collecting requests
  Using cached requests-2.31.0-py3-none-any.whl.metadata (4.6 kB)
Collecting charset-normalizer<4,>=2 (from requests)
  Using cached charset_normalizer-3.3.2-cp37-cp37m-macosx_10_9_x86_64.whl.metadata (33 kB)
Collecting idna<4,>=2.5 (from requests)
  Using cached idna-3.8-py3-none-any.whl.metadata (9.9 kB)
Requirement already satisfied: urllib3<3,>=1.21.1 in ./myenv/lib/python3.7/site-packages (from requests) (1.26.20)
Collecting certifi>=2017.4.17 (from requests)
  Using cached certifi-2024.8.30-py3-none-any.whl.metadata (2.2 kB)
Using cached requests-2.31.0-py3-none-any.whl (62 kB)
Using cached certifi-2024.8.30-py3-none-any.whl (167 kB)
Using cached charset_normalizer-3.3.2-cp37-cp37m-macosx_10_9_x86_64.whl (118 kB)
Using cached idna-3.8-py3-none-any.whl (66 kB)
Installing collected packages: idna, charset-normalizer, certifi, requests
Successfully installed certifi-2024.8.30 charset-normalizer-3.3.2 idna-3.8 requests-2.31.0

2024-09-01 18:55:12,312 - INFO - Command output: Collecting pyyaml
  Using cached PyYAML-6.0.1-cp37-cp37m-macosx_10_9_x86_64.whl.metadata (2.1 kB)
Using cached PyYAML-6.0.1-cp37-cp37m-macosx_10_9_x86_64.whl (189 kB)
Installing collected packages: pyyaml
Successfully installed pyyaml-6.0.1

2024-09-01 18:55:14,470 - INFO - Command output: Collecting redis
  Using cached redis-5.0.8-py3-none-any.whl.metadata (9.2 kB)
Collecting async-timeout>=4.0.3 (from redis)
  Using cached async_timeout-4.0.3-py3-none-any.whl.metadata (4.2 kB)
Collecting importlib-metadata>=1.0 (from redis)
  Using cached importlib_metadata-6.7.0-py3-none-any.whl.metadata (4.9 kB)
Collecting typing-extensions (from redis)
  Using cached typing_extensions-4.7.1-py3-none-any.whl.metadata (3.1 kB)
Collecting zipp>=0.5 (from importlib-metadata>=1.0->redis)
  Using cached zipp-3.15.0-py3-none-any.whl.metadata (3.7 kB)
Using cached redis-5.0.8-py3-none-any.whl (255 kB)
Using cached async_timeout-4.0.3-py3-none-any.whl (5.7 kB)
Using cached importlib_metadata-6.7.0-py3-none-any.whl (22 kB)
Using cached typing_extensions-4.7.1-py3-none-any.whl (33 kB)
Using cached zipp-3.15.0-py3-none-any.whl (6.8 kB)
Installing collected packages: zipp, typing-extensions, importlib-metadata, async-timeout, redis
Successfully installed async-timeout-4.0.3 importlib-metadata-6.7.0 redis-5.0.8 typing-extensions-4.7.1 zipp-3.15.0

2024-09-01 18:55:18,125 - INFO - Command output: Collecting sqlalchemy
  Using cached SQLAlchemy-2.0.32-cp37-cp37m-macosx_10_9_x86_64.whl.metadata (9.6 kB)
Requirement already satisfied: typing-extensions>=4.6.0 in ./myenv/lib/python3.7/site-packages (from sqlalchemy) (4.7.1)
Collecting greenlet!=0.4.17 (from sqlalchemy)
  Using cached greenlet-3.0.3-cp37-cp37m-macosx_10_9_x86_64.whl
Requirement already satisfied: importlib-metadata in ./myenv/lib/python3.7/site-packages (from sqlalchemy) (6.7.0)
Requirement already satisfied: zipp>=0.5 in ./myenv/lib/python3.7/site-packages (from importlib-metadata->sqlalchemy) (3.15.0)
Using cached SQLAlchemy-2.0.32-cp37-cp37m-macosx_10_9_x86_64.whl (2.1 MB)
Installing collected packages: greenlet, sqlalchemy
Successfully installed greenlet-3.0.3 sqlalchemy-2.0.32

2024-09-01 18:55:22,472 - INFO - Command output: Collecting fastapi
  Using cached fastapi-0.103.2-py3-none-any.whl.metadata (24 kB)
Collecting anyio<4.0.0,>=3.7.1 (from fastapi)
  Using cached anyio-3.7.1-py3-none-any.whl.metadata (4.7 kB)
Collecting pydantic!=1.8,!=1.8.1,!=2.0.0,!=2.0.1,!=2.1.0,<3.0.0,>=1.7.4 (from fastapi)
  Using cached pydantic-2.5.3-py3-none-any.whl.metadata (65 kB)
Collecting starlette<0.28.0,>=0.27.0 (from fastapi)
  Using cached starlette-0.27.0-py3-none-any.whl.metadata (5.8 kB)
Requirement already satisfied: typing-extensions>=4.5.0 in ./myenv/lib/python3.7/site-packages (from fastapi) (4.7.1)
Requirement already satisfied: idna>=2.8 in ./myenv/lib/python3.7/site-packages (from anyio<4.0.0,>=3.7.1->fastapi) (3.8)
Collecting sniffio>=1.1 (from anyio<4.0.0,>=3.7.1->fastapi)
  Using cached sniffio-1.3.1-py3-none-any.whl.metadata (3.9 kB)
Collecting exceptiongroup (from anyio<4.0.0,>=3.7.1->fastapi)
  Using cached exceptiongroup-1.2.2-py3-none-any.whl.metadata (6.6 kB)
Collecting annotated-types>=0.4.0 (from pydantic!=1.8,!=1.8.1,!=2.0.0,!=2.0.1,!=2.1.0,<3.0.0,>=1.7.4->fastapi)
  Using cached annotated_types-0.5.0-py3-none-any.whl.metadata (11 kB)
Requirement already satisfied: importlib-metadata in ./myenv/lib/python3.7/site-packages (from pydantic!=1.8,!=1.8.1,!=2.0.0,!=2.0.1,!=2.1.0,<3.0.0,>=1.7.4->fastapi) (6.7.0)
Collecting pydantic-core==2.14.6 (from pydantic!=1.8,!=1.8.1,!=2.0.0,!=2.0.1,!=2.1.0,<3.0.0,>=1.7.4->fastapi)
  Using cached pydantic_core-2.14.6-cp37-cp37m-macosx_10_7_x86_64.whl.metadata (6.5 kB)
Requirement already satisfied: zipp>=0.5 in ./myenv/lib/python3.7/site-packages (from importlib-metadata->pydantic!=1.8,!=1.8.1,!=2.0.0,!=2.0.1,!=2.1.0,<3.0.0,>=1.7.4->fastapi) (3.15.0)
Using cached fastapi-0.103.2-py3-none-any.whl (66 kB)
Using cached anyio-3.7.1-py3-none-any.whl (80 kB)
Using cached pydantic-2.5.3-py3-none-any.whl (381 kB)
Using cached pydantic_core-2.14.6-cp37-cp37m-macosx_10_7_x86_64.whl (1.9 MB)
Using cached starlette-0.27.0-py3-none-any.whl (66 kB)
Using cached annotated_types-0.5.0-py3-none-any.whl (11 kB)
Using cached sniffio-1.3.1-py3-none-any.whl (10 kB)
Using cached exceptiongroup-1.2.2-py3-none-any.whl (16 kB)
Installing collected packages: sniffio, pydantic-core, exceptiongroup, annotated-types, pydantic, anyio, starlette, fastapi
Successfully installed annotated-types-0.5.0 anyio-3.7.1 exceptiongroup-1.2.2 fastapi-0.103.2 pydantic-2.5.3 pydantic-core-2.14.6 sniffio-1.3.1 starlette-0.27.0

2024-09-01 18:55:24,174 - INFO - Command output: Collecting uvicorn
  Using cached uvicorn-0.22.0-py3-none-any.whl.metadata (6.3 kB)
Collecting click>=7.0 (from uvicorn)
  Using cached click-8.1.7-py3-none-any.whl.metadata (3.0 kB)
Collecting h11>=0.8 (from uvicorn)
  Using cached h11-0.14.0-py3-none-any.whl.metadata (8.2 kB)
Requirement already satisfied: typing-extensions in ./myenv/lib/python3.7/site-packages (from uvicorn) (4.7.1)
Requirement already satisfied: importlib-metadata in ./myenv/lib/python3.7/site-packages (from click>=7.0->uvicorn) (6.7.0)
Requirement already satisfied: zipp>=0.5 in ./myenv/lib/python3.7/site-packages (from importlib-metadata->click>=7.0->uvicorn) (3.15.0)
Using cached uvicorn-0.22.0-py3-none-any.whl (58 kB)
Using cached click-8.1.7-py3-none-any.whl (97 kB)
Using cached h11-0.14.0-py3-none-any.whl (58 kB)
Installing collected packages: h11, click, uvicorn
Successfully installed click-8.1.7 h11-0.14.0 uvicorn-0.22.0

2024-09-01 18:55:25,226 - INFO - Command output: Requirement already satisfied: pydantic in ./myenv/lib/python3.7/site-packages (2.5.3)
Requirement already satisfied: annotated-types>=0.4.0 in ./myenv/lib/python3.7/site-packages (from pydantic) (0.5.0)
Requirement already satisfied: importlib-metadata in ./myenv/lib/python3.7/site-packages (from pydantic) (6.7.0)
Requirement already satisfied: pydantic-core==2.14.6 in ./myenv/lib/python3.7/site-packages (from pydantic) (2.14.6)
Requirement already satisfied: typing-extensions>=4.6.1 in ./myenv/lib/python3.7/site-packages (from pydantic) (4.7.1)
Requirement already satisfied: zipp>=0.5 in ./myenv/lib/python3.7/site-packages (from importlib-metadata->pydantic) (3.15.0)

2024-09-01 18:55:26,483 - INFO - Command output: Collecting python-multipart
  Using cached python_multipart-0.0.8-py3-none-any.whl.metadata (2.5 kB)
Using cached python_multipart-0.0.8-py3-none-any.whl (22 kB)
Installing collected packages: python-multipart
Successfully installed python-multipart-0.0.8

2024-09-01 18:55:29,922 - INFO - Command output: Collecting aiohttp
  Using cached aiohttp-3.8.6-cp37-cp37m-macosx_10_9_x86_64.whl.metadata (7.7 kB)
Collecting attrs>=17.3.0 (from aiohttp)
  Using cached attrs-24.2.0-py3-none-any.whl.metadata (11 kB)
Requirement already satisfied: charset-normalizer<4.0,>=2.0 in ./myenv/lib/python3.7/site-packages (from aiohttp) (3.3.2)
Collecting multidict<7.0,>=4.5 (from aiohttp)
  Using cached multidict-6.0.5-cp37-cp37m-macosx_10_9_x86_64.whl.metadata (4.2 kB)
Requirement already satisfied: async-timeout<5.0,>=4.0.0a3 in ./myenv/lib/python3.7/site-packages (from aiohttp) (4.0.3)
Collecting yarl<2.0,>=1.0 (from aiohttp)
  Using cached yarl-1.9.4-cp37-cp37m-macosx_10_9_x86_64.whl.metadata (31 kB)
Collecting frozenlist>=1.1.1 (from aiohttp)
  Using cached frozenlist-1.3.3-cp37-cp37m-macosx_10_9_x86_64.whl.metadata (4.7 kB)
Collecting aiosignal>=1.1.2 (from aiohttp)
  Using cached aiosignal-1.3.1-py3-none-any.whl.metadata (4.0 kB)
Collecting asynctest==0.13.0 (from aiohttp)
  Using cached asynctest-0.13.0-py3-none-any.whl.metadata (5.4 kB)
Requirement already satisfied: typing-extensions>=3.7.4 in ./myenv/lib/python3.7/site-packages (from aiohttp) (4.7.1)
Requirement already satisfied: importlib-metadata in ./myenv/lib/python3.7/site-packages (from attrs>=17.3.0->aiohttp) (6.7.0)
Requirement already satisfied: idna>=2.0 in ./myenv/lib/python3.7/site-packages (from yarl<2.0,>=1.0->aiohttp) (3.8)
Requirement already satisfied: zipp>=0.5 in ./myenv/lib/python3.7/site-packages (from importlib-metadata->attrs>=17.3.0->aiohttp) (3.15.0)
Using cached aiohttp-3.8.6-cp37-cp37m-macosx_10_9_x86_64.whl (363 kB)
Using cached asynctest-0.13.0-py3-none-any.whl (26 kB)
Using cached aiosignal-1.3.1-py3-none-any.whl (7.6 kB)
Using cached attrs-24.2.0-py3-none-any.whl (63 kB)
Using cached frozenlist-1.3.3-cp37-cp37m-macosx_10_9_x86_64.whl (36 kB)
Using cached multidict-6.0.5-cp37-cp37m-macosx_10_9_x86_64.whl (28 kB)
Using cached yarl-1.9.4-cp37-cp37m-macosx_10_9_x86_64.whl (82 kB)
Installing collected packages: multidict, frozenlist, asynctest, yarl, attrs, aiosignal, aiohttp
Successfully installed aiohttp-3.8.6 aiosignal-1.3.1 asynctest-0.13.0 attrs-24.2.0 frozenlist-1.3.3 multidict-6.0.5 yarl-1.9.4

2024-09-01 18:55:31,368 - INFO - Command output: Collecting importlib-metadata<5.0
  Using cached importlib_metadata-4.13.0-py3-none-any.whl.metadata (4.9 kB)
Requirement already satisfied: zipp>=0.5 in ./myenv/lib/python3.7/site-packages (from importlib-metadata<5.0) (3.15.0)
Requirement already satisfied: typing-extensions>=3.6.4 in ./myenv/lib/python3.7/site-packages (from importlib-metadata<5.0) (4.7.1)
Using cached importlib_metadata-4.13.0-py3-none-any.whl (23 kB)
Installing collected packages: importlib-metadata
  Attempting uninstall: importlib-metadata
    Found existing installation: importlib-metadata 6.7.0
    Uninstalling importlib-metadata-6.7.0:
      Successfully uninstalled importlib-metadata-6.7.0
Successfully installed importlib-metadata-4.13.0

2024-09-01 18:55:32,543 - INFO - Command output: Collecting vine<5.0
  Using cached vine-1.3.0-py2.py3-none-any.whl.metadata (2.4 kB)
Using cached vine-1.3.0-py2.py3-none-any.whl (14 kB)
Installing collected packages: vine
Successfully installed vine-1.3.0

2024-09-01 18:55:34,176 - INFO - Command output: Collecting kombu<5.0
  Using cached kombu-4.6.11-py2.py3-none-any.whl.metadata (2.6 kB)
Collecting amqp<2.7,>=2.6.0 (from kombu<5.0)
  Using cached amqp-2.6.1-py2.py3-none-any.whl.metadata (1.0 kB)
Requirement already satisfied: importlib-metadata>=0.18 in ./myenv/lib/python3.7/site-packages (from kombu<5.0) (4.13.0)
Requirement already satisfied: vine<5.0.0a1,>=1.1.3 in ./myenv/lib/python3.7/site-packages (from amqp<2.7,>=2.6.0->kombu<5.0) (1.3.0)
Requirement already satisfied: zipp>=0.5 in ./myenv/lib/python3.7/site-packages (from importlib-metadata>=0.18->kombu<5.0) (3.15.0)
Requirement already satisfied: typing-extensions>=3.6.4 in ./myenv/lib/python3.7/site-packages (from importlib-metadata>=0.18->kombu<5.0) (4.7.1)
Using cached kombu-4.6.11-py2.py3-none-any.whl (184 kB)
Using cached amqp-2.6.1-py2.py3-none-any.whl (48 kB)
Installing collected packages: amqp, kombu
Successfully installed amqp-2.6.1 kombu-4.6.11

2024-09-01 18:55:35,515 - INFO - Command output: Collecting billiard<4.0
  Using cached billiard-3.6.4.0-py3-none-any.whl.metadata (4.5 kB)
Using cached billiard-3.6.4.0-py3-none-any.whl (89 kB)
Installing collected packages: billiard
Successfully installed billiard-3.6.4.0

2024-09-01 18:55:37,432 - INFO - Command output: Collecting celery==4.4.7
  Using cached celery-4.4.7-py2.py3-none-any.whl.metadata (19 kB)
Requirement already satisfied: pytz>dev in ./myenv/lib/python3.7/site-packages (from celery==4.4.7) (2024.1)
Requirement already satisfied: billiard<4.0,>=3.6.3.0 in ./myenv/lib/python3.7/site-packages (from celery==4.4.7) (3.6.4.0)
Requirement already satisfied: kombu<4.7,>=4.6.10 in ./myenv/lib/python3.7/site-packages (from celery==4.4.7) (4.6.11)
Requirement already satisfied: vine==1.3.0 in ./myenv/lib/python3.7/site-packages (from celery==4.4.7) (1.3.0)
Requirement already satisfied: amqp<2.7,>=2.6.0 in ./myenv/lib/python3.7/site-packages (from kombu<4.7,>=4.6.10->celery==4.4.7) (2.6.1)
Requirement already satisfied: importlib-metadata>=0.18 in ./myenv/lib/python3.7/site-packages (from kombu<4.7,>=4.6.10->celery==4.4.7) (4.13.0)
Requirement already satisfied: zipp>=0.5 in ./myenv/lib/python3.7/site-packages (from importlib-metadata>=0.18->kombu<4.7,>=4.6.10->celery==4.4.7) (3.15.0)
Requirement already satisfied: typing-extensions>=3.6.4 in ./myenv/lib/python3.7/site-packages (from importlib-metadata>=0.18->kombu<4.7,>=4.6.10->celery==4.4.7) (4.7.1)
Using cached celery-4.4.7-py2.py3-none-any.whl (427 kB)
Installing collected packages: celery
Successfully installed celery-4.4.7

2024-09-01 18:55:37,433 - INFO - Upgrading Celery without dependencies...
2024-09-01 18:55:38,334 - INFO - Command output: Requirement already satisfied: celery==4.4.7 in ./myenv/lib/python3.7/site-packages (4.4.7)

2024-09-01 18:55:38,334 - INFO - Virtual environment setup complete.
2024-09-01 18:55:38,335 - INFO - Finished virtual environment setup at 2024-09-01 18:55:38.335121
